<?xml version="1.0" encoding="UTF-8"?>
<!-- Generated by org.testng.reporters.JUnitXMLReporter -->
<testsuite ignored="0" hostname="DESKTOP-4OK7583" failures="1" tests="1" name="Surefire test" time="11.549" errors="0" timestamp="2023-03-14T20:59:18 BRT">
  <testcase classname="io.cucumber.testng.AbstractTestNGCucumberTests" name="runScenario" time="10.006">
    <failure type="java.lang.AssertionError" message="2023-03-14T20:59:18.459495400erro_ao_tentar_espero_campo_pesquisa_ficar_visivel">
      <![CDATA[java.lang.AssertionError: 2023-03-14T20:59:18.459495400erro_ao_tentar_espero_campo_pesquisa_ficar_visivel
at gabriel@1.0-SNAPSHOT/paginas.Metodos.esperarClicavel(Metodos.java:176)
at gabriel@1.0-SNAPSHOT/paginas.Navegacoes.realizarPesquisa(Navegacoes.java:13)
at gabriel@1.0-SNAPSHOT/steps.Testes.realizo_pesquisa_java(Testes.java:28)
at ✽.realizo pesquisa java(file:///C:/Users/Gabriel/Desktop/PocJavaWeb/src/test/resources/features/01_Google.feature:13)
... Removed 1 stack frames]]>
    </failure>
  </testcase> <!-- runScenario -->
</testsuite> <!-- Surefire test -->
