<?xml version="1.0" encoding="UTF-8"?>
<!-- Generated by org.testng.reporters.JUnitReportReporter -->
<testsuite skipped="0" hostname="DESKTOP-4OK7583" name="executa.ExecutarIT" tests="1" failures="1" timestamp="2023-02-26T20:42:25 BRT" time="11.488" errors="0">
  <testcase name="runScenario" time="11.488" classname="executa.ExecutarIT">
    <failure type="java.lang.AssertionError" message="2023-02-26T20:42:24.753erro_ao_tentar_espero_campo_pesquisa_ficar_visivel">
      <![CDATA[java.lang.AssertionError: 2023-02-26T20:42:24.753erro_ao_tentar_espero_campo_pesquisa_ficar_visivel
at org.testng.Assert.fail(Assert.java:110)
at paginas.Metodos.esperarClicavel(Metodos.java:183)
at paginas.Navegacoes.realizarPesquisa(Navegacoes.java:13)
at steps.Testes.realizo_pesquisa_java(Testes.java:29)
at ✽.realizo pesquisa java(file:///C:/Users/Gabriel/Desktop/PocJavaWeb/src/test/resources/features/01_Google.feature:13)
]]>
    </failure>
  </testcase> <!-- runScenario -->
  <system-out/>
</testsuite> <!-- executa.ExecutarIT -->
