<?xml version="1.0" encoding="UTF-8"?>
<testng-results ignored="0" total="1" passed="0" failed="1" skipped="0">
  <reporter-output>
  </reporter-output>
  <suite started-at="2023-03-14T20:59:07 BRT" name="Surefire suite" finished-at="2023-03-14T20:59:18 BRT" duration-ms="11549">
    <groups>
      <group name="cucumber">
        <method signature="AbstractTestNGCucumberTests.runScenario(io.cucumber.testng.PickleWrapper,io.cucumber.testng.FeatureWrapper)[pri:0, instance:executa.ExecutarIT@10feca44]" name="runScenario" class="io.cucumber.testng.AbstractTestNGCucumberTests"/>
      </group> <!-- cucumber -->
    </groups>
    <test started-at="2023-03-14T20:59:07 BRT" name="Surefire test" finished-at="2023-03-14T20:59:18 BRT" duration-ms="11549">
      <class name="executa.ExecutarIT">
        <test-method is-config="true" signature="setUpClass(org.testng.ITestContext)[pri:0, instance:executa.ExecutarIT@10feca44]" started-at="2023-03-14T20:59:07 BRT" name="setUpClass" finished-at="2023-03-14T20:59:08 BRT" duration-ms="1110" status="PASS">
          <params>
            <param index="0">
              <value>
                <![CDATA[org.testng.TestRunner@6fc6deb7]]>
              </value>
            </param>
          </params>
          <reporter-output>
          </reporter-output>
        </test-method> <!-- setUpClass -->
        <test-method signature="runScenario(io.cucumber.testng.PickleWrapper,io.cucumber.testng.FeatureWrapper)[pri:0, instance:executa.ExecutarIT@10feca44]" started-at="2023-03-14T20:59:08 BRT" name="runScenario" description="Runs Cucumber Scenarios" data-provider="scenarios" finished-at="2023-03-14T20:59:18 BRT" duration-ms="10006" status="FAIL">
          <params>
            <param index="0">
              <value>
                <![CDATA["Pesquisa Java no Google"]]>
              </value>
            </param>
            <param index="1">
              <value>
                <![CDATA["Optional[Pesquisa no Google]"]]>
              </value>
            </param>
          </params>
          <exception class="java.lang.AssertionError">
            <message>
              <![CDATA[2023-03-14T20:59:18.459495400erro_ao_tentar_espero_campo_pesquisa_ficar_visivel]]>
            </message>
            <full-stacktrace>
              <![CDATA[java.lang.AssertionError: 2023-03-14T20:59:18.459495400erro_ao_tentar_espero_campo_pesquisa_ficar_visivel
at org.testng.Assert.fail(Assert.java:110)
at gabriel@1.0-SNAPSHOT/paginas.Metodos.esperarClicavel(Metodos.java:176)
at gabriel@1.0-SNAPSHOT/paginas.Navegacoes.realizarPesquisa(Navegacoes.java:13)
at gabriel@1.0-SNAPSHOT/steps.Testes.realizo_pesquisa_java(Testes.java:28)
at ✽.realizo pesquisa java(file:///C:/Users/Gabriel/Desktop/PocJavaWeb/src/test/resources/features/01_Google.feature:13)
]]>
            </full-stacktrace>
          </exception> <!-- java.lang.AssertionError -->
          <reporter-output>
          </reporter-output>
        </test-method> <!-- runScenario -->
        <test-method is-config="true" signature="tearDownClass()[pri:0, instance:executa.ExecutarIT@10feca44]" started-at="2023-03-14T20:59:18 BRT" name="tearDownClass" finished-at="2023-03-14T20:59:18 BRT" duration-ms="255" status="PASS">
          <reporter-output>
          </reporter-output>
        </test-method> <!-- tearDownClass -->
      </class> <!-- executa.ExecutarIT -->
    </test> <!-- Surefire test -->
  </suite> <!-- Surefire suite -->
</testng-results>
