<?xml version="1.0" encoding="UTF-8"?>
<testsuite xmlns:xsi="http://www.w3.org/2001/XMLSchema-instance" xsi:noNamespaceSchemaLocation="https://maven.apache.org/surefire/maven-failsafe-plugin/xsd/failsafe-test-report-3.0.xsd" version="3.0" name="executa.ExecutarIT" time="13.354" tests="1" errors="0" skipped="0" failures="1">
  <properties>
[...]
</properties>
  <testcase name="runScenario[&quot;Pesquisa Java no Google&quot;, &quot;Optional[Pesquisa no Google]&quot;](1)" classname="executa.ExecutarIT" time="10.847">
    <failure message="2023-03-14T20:59:18.459495400erro_ao_tentar_espero_campo_pesquisa_ficar_visivel" type="java.lang.AssertionError"><![CDATA[java.lang.AssertionError: 2023-03-14T20:59:18.459495400erro_ao_tentar_espero_campo_pesquisa_ficar_visivel
]]></failure>
    <system-out><![CDATA[
@Executa @Executa
CenÃ¡rio: Pesquisa Java no Google                        # src/test/resources/features/01_Google.feature:12
  Dado que eu acesse o site "https://www.google.com.br" # steps.Testes.que_eu_acesse_o_site(java.lang.String)
****erro****
  Quando realizo pesquisa java                          # steps.Testes.realizo_pesquisa_java()
      java.lang.AssertionError: 2023-03-14T20:59:18.459495400erro_ao_tentar_espero_campo_pesquisa_ficar_visivel
	at org.testng.Assert.fail(Assert.java:110)
	at gabriel@1.0-SNAPSHOT/paginas.Metodos.esperarClicavel(Metodos.java:176)
	at gabriel@1.0-SNAPSHOT/paginas.Navegacoes.realizarPesquisa(Navegacoes.java:13)
	at gabriel@1.0-SNAPSHOT/steps.Testes.realizo_pesquisa_java(Testes.java:28)
	at âœ½.realizo pesquisa java(file:///C:/Users/Gabriel/Desktop/PocJavaWeb/src/test/resources/features/01_Google.feature:13)

  EntÃ£o valido a pesquisa e evidencio java              # steps.Testes.valido_a_pesquisa_e_evidencio_java()
  E fecho o navegador                                   # steps.Testes.fecho_o_navegador()
]]></system-out>
    <system-err><![CDATA[SLF4J: Failed to load class "org.slf4j.impl.StaticLoggerBinder".
SLF4J: Defaulting to no-operation (NOP) logger implementation
SLF4J: See http://www.slf4j.org/codes.html#StaticLoggerBinder for further details.
Starting Microsoft Edge WebDriver 111.0.1661.41 (57be51b50d1be232a9e8186a10017d9e06b1fd16) on port 58211
To submit feedback, report a bug, or suggest new features, please visit https://github.com/MicrosoftEdge/EdgeWebDriver

Only local connections are allowed.
Please see https://aka.ms/WebDriverSecurity for suggestions on keeping Microsoft Edge WebDriver safe.

Microsoft Edge WebDriver was started successfully.
mar 14, 2023 8:59:15 PM org.openqa.selenium.remote.ProtocolHandshake createSession
INFO: Detected dialect: W3C
mar 14, 2023 8:59:15 PM org.openqa.selenium.devtools.CdpVersionFinder findNearestMatch
WARNING: Unable to find an exact match for CDP version 111, so returning the closest version found: a no-op implementation
mar 14, 2023 8:59:15 PM org.openqa.selenium.devtools.CdpVersionFinder findNearestMatch
INFO: Unable to find CDP implementation matching 111.
mar 14, 2023 8:59:15 PM org.openqa.selenium.chromium.ChromiumDriver lambda$new$3
WARNING: Unable to find version of CDP to use for . You may need to include a dependency on a specific version of the CDP using something similar to `org.seleniumhq.selenium:selenium-devtools-v86:4.1.2` where the version ("v86") matches the version of the chromium-based browser you're using and the version number of the artifact is the same as Selenium's.
]]></system-err>
  </testcase>
</testsuite>